<?xml version="1.0" encoding="UTF-8"?>
<!-- Generated by org.testng.reporters.JUnitReportReporter -->
<testsuite skipped="0" hostname="MAVBCP733" name="com.internetapp.tests.ParasBankTest" tests="1" failures="0" timestamp="31 Jul 2020 12:45:33 GMT" time="43.213" errors="0">
  <testcase name="Test2" time="43.213" classname="com.internetapp.tests.ParasBankTest"/>
</testsuite> <!-- com.internetapp.tests.ParasBankTest -->
