<?xml version="1.0" encoding="UTF-8"?>
<!-- Generated by org.testng.reporters.JUnitReportReporter -->
<testsuite skipped="0" hostname="MAVBCP733" name="com.CucumberRunner" tests="3" failures="0" timestamp="31 Jul 2020 12:49:04 GMT" time="151.589" errors="0">
  <testcase name="scenario" time="54.908" classname="com.CucumberRunner"/>
  <testcase name="scenario" time="46.326" classname="com.CucumberRunner"/>
  <testcase name="scenario" time="50.355" classname="com.CucumberRunner"/>
</testsuite> <!-- com.CucumberRunner -->
